<?xml version="1.0" encoding="UTF-8"?>
<!-- Generated by org.testng.reporters.JUnitXMLReporter -->
<testsuite ignored="4" hostname="NashTechs-MacBook-Pro.local" failures="0" tests="2" name="debug" time="0.027" errors="0" timestamp="2020-08-22T10:50:06 ICT">
  <testcase classname="TestCases.SampleTestSuite" name="tc01" time="0.002"/>
  <testcase classname="TestCases.SampleTestSuite" name="tc03" time="0.0"/>
  <testcase classname="TestCases.SampleTestSuite" name="tc02" time="0.0">
    <ignored/>
  </testcase> <!-- tc02 -->
  <testcase classname="TestCases.SampleTestSuite" name="tc05" time="0.0">
    <ignored/>
  </testcase> <!-- tc05 -->
  <testcase classname="TestCases.BodyMassIndexTest" name="metricCalculator" time="0.0">
    <ignored/>
  </testcase> <!-- metricCalculator -->
  <testcase classname="TestCases.SampleTestSuite" name="tc04" time="0.0">
    <ignored/>
  </testcase> <!-- tc04 -->
</testsuite> <!-- debug -->
