<?xml version="1.0" encoding="UTF-8"?>
<testsuite xmlns:xsi="http://www.w3.org/2001/XMLSchema-instance" xsi:noNamespaceSchemaLocation="https://maven.apache.org/surefire/maven-surefire-plugin/xsd/surefire-test-report-3.0.xsd" version="3.0" name="TestSuite" time="4.342" tests="3" errors="0" skipped="1" failures="1">
  <properties>
[...]
</properties>
  <testcase name="metricCalculator" classname="TestCases.BodyMassIndexTest" time="1.196">
    <system-out><![CDATA[[TestNGContentHandler] [WARN] It is strongly recommended to add "<!DOCTYPE suite SYSTEM "https://testng.org/testng-1.0.dtd" >" at the top of your file, otherwise TestNG may fail or not work as expected.
]]></system-out>
    <system-err><![CDATA[Starting ChromeDriver 84.0.4147.30 (48b3e868b4cc0aa7e8149519690b6f6949e110a8-refs/branch-heads/4147@{#310}) on port 2079
Only local connections are allowed.
Please see https://chromedriver.chromium.org/security-considerations for suggestions on keeping ChromeDriver safe.
ChromeDriver was started successfully.
Aug 15, 2020 12:03:22 PM org.openqa.selenium.remote.ProtocolHandshake createSession
INFO: Detected dialect: W3C
]]></system-err>
  </testcase>
  <testcase name="metricCalculator" classname="TestCases.BodyMassIndexTest" time="0">
    <skipped message="Cannot find firefox binary in PATH. Make sure firefox is installed. OS appears to be: MAC&#10;Build info: version: &apos;3.141.59&apos;, revision: &apos;e82be7d358&apos;, time: &apos;2018-11-14T08:17:03&apos;&#10;System info: host: &apos;NashTechs-MacBook-Pro.local&apos;, ip: &apos;fe80:0:0:0:1807:37f8:7d4a:b65%en0&apos;, os.name: &apos;Mac OS X&apos;, os.arch: &apos;x86_64&apos;, os.version: &apos;10.15.6&apos;, java.version: &apos;14.0.2&apos;&#10;Driver info: driver.version: FirefoxDriver"/>
  </testcase>
  <testcase name="preCondition[firefox, https://www.calculator.net/bmi-calculator.html](0)" classname="TestCases.BodyMassIndexTest" time="1.401">
    <failure message="Cannot find firefox binary in PATH. Make sure firefox is installed. OS appears to be: MAC&#10;Build info: version: &apos;3.141.59&apos;, revision: &apos;e82be7d358&apos;, time: &apos;2018-11-14T08:17:03&apos;&#10;System info: host: &apos;NashTechs-MacBook-Pro.local&apos;, ip: &apos;fe80:0:0:0:1807:37f8:7d4a:b65%en0&apos;, os.name: &apos;Mac OS X&apos;, os.arch: &apos;x86_64&apos;, os.version: &apos;10.15.6&apos;, java.version: &apos;14.0.2&apos;&#10;Driver info: driver.version: FirefoxDriver" type="org.openqa.selenium.WebDriverException"><![CDATA[org.openqa.selenium.WebDriverException: 
Cannot find firefox binary in PATH. Make sure firefox is installed. OS appears to be: MAC
Build info: version: '3.141.59', revision: 'e82be7d358', time: '2018-11-14T08:17:03'
System info: host: 'NashTechs-MacBook-Pro.local', ip: 'fe80:0:0:0:1807:37f8:7d4a:b65%en0', os.name: 'Mac OS X', os.arch: 'x86_64', os.version: '10.15.6', java.version: '14.0.2'
Driver info: driver.version: FirefoxDriver
	at TestCases.BodyMassIndexTest.preCondition(BodyMassIndexTest.java:20)
]]></failure>
  </testcase>
</testsuite>