<?xml version="1.0" encoding="UTF-8"?>
<testng-results ignored="0" total="1" passed="1" failed="0" skipped="0">
  <reporter-output>
  </reporter-output>
  <suite started-at="2020-08-22T10:52:57 ICT" name="Boby Mass Index" finished-at="2020-08-22T10:53:02 ICT" duration-ms="4850">
    <groups>
    </groups>
    <test started-at="2020-08-22T10:52:57 ICT" name="Metric Unit Tests on Chrome" finished-at="2020-08-22T10:53:02 ICT" duration-ms="4850">
      <class name="TestCases.BodyMassIndexTest">
        <test-method is-config="true" signature="preCondition(java.lang.String, java.lang.String)[pri:0, instance:TestCases.BodyMassIndexTest@551bdc27]" started-at="2020-08-22T10:52:57 ICT" name="preCondition" finished-at="2020-08-22T10:53:00 ICT" duration-ms="2893" status="PASS">
          <params>
            <param index="0">
              <value>
                <![CDATA[chrome]]>
              </value>
            </param>
            <param index="1">
              <value>
                <![CDATA[https://www.calculator.net/bmi-calculator.html]]>
              </value>
            </param>
          </params>
          <reporter-output>
          </reporter-output>
        </test-method> <!-- preCondition -->
        <test-method signature="metricCalculator()[pri:0, instance:TestCases.BodyMassIndexTest@551bdc27]" started-at="2020-08-22T10:53:00 ICT" name="metricCalculator" description="Validate BMI calculator" finished-at="2020-08-22T10:53:02 ICT" duration-ms="1936" status="PASS">
          <reporter-output>
          </reporter-output>
        </test-method> <!-- metricCalculator -->
      </class> <!-- TestCases.BodyMassIndexTest -->
    </test> <!-- Metric Unit Tests on Chrome -->
  </suite> <!-- Boby Mass Index -->
</testng-results>
